2020-10-06 12:33:31,833 INFO o.a.j.u.JMeterUtils: Setting Locale to en_EN
2020-10-06 12:33:31,894 INFO o.a.j.JMeter: Loading user properties from: /usr/local/Cellar/jmeter/5.3/libexec/bin/user.properties
2020-10-06 12:33:31,895 INFO o.a.j.JMeter: Loading system properties from: /usr/local/Cellar/jmeter/5.3/libexec/bin/system.properties
2020-10-06 12:33:31,898 INFO o.a.j.JMeter: Copyright (c) 1998-2020 The Apache Software Foundation
2020-10-06 12:33:31,898 INFO o.a.j.JMeter: Version 5.3
2020-10-06 12:33:31,898 INFO o.a.j.JMeter: java.version=14.0.2
2020-10-06 12:33:31,898 INFO o.a.j.JMeter: java.vm.name=OpenJDK 64-Bit Server VM
2020-10-06 12:33:31,898 INFO o.a.j.JMeter: os.name=Mac OS X
2020-10-06 12:33:31,898 INFO o.a.j.JMeter: os.arch=x86_64
2020-10-06 12:33:31,899 INFO o.a.j.JMeter: os.version=10.15.6
2020-10-06 12:33:31,899 INFO o.a.j.JMeter: file.encoding=UTF-8
2020-10-06 12:33:31,899 INFO o.a.j.JMeter: java.awt.headless=null
2020-10-06 12:33:31,899 INFO o.a.j.JMeter: Max memory     =1073741824
2020-10-06 12:33:31,899 INFO o.a.j.JMeter: Available Processors =8
2020-10-06 12:33:31,918 INFO o.a.j.JMeter: Default Locale=English (EN)
2020-10-06 12:33:31,918 INFO o.a.j.JMeter: JMeter  Locale=English (EN)
2020-10-06 12:33:31,918 INFO o.a.j.JMeter: JMeterHome=/usr/local/Cellar/jmeter/5.3/libexec
2020-10-06 12:33:31,918 INFO o.a.j.JMeter: user.dir  =/Users/dheina/DataKu/Project/Eleena/eleena-app
2020-10-06 12:33:31,919 INFO o.a.j.JMeter: PWD       =/Users/dheina/DataKu/Project/Eleena/eleena-app
2020-10-06 12:33:31,923 INFO o.a.j.JMeter: IP: 127.0.0.1 Name: Dheina-MacBook-2020.local FullName: localhost
2020-10-06 12:33:32,995 INFO o.a.j.JMeter: Setting LAF to: com.github.weisj.darklaf.DarkLaf:com.github.weisj.darklaf.theme.DarculaTheme
2020-10-06 12:33:36,471 INFO o.a.j.JMeter: Loaded icon properties from org/apache/jmeter/images/icon.properties
2020-10-06 12:33:38,848 INFO o.j.r.JARSourceHTTP: Requesting https://jmeter-plugins.org/repo/?installID=mac_os_x-e84a526ce644a5222c595eacc15e8fb2-gui
2020-10-06 12:33:41,625 INFO o.j.r.PluginManager: Plugins Status: [jpgc-casutg=2.9, jpgc-plugins-manager=1.3, jmeter-core=5.3, jmeter-ftp=5.3, jmeter-http=5.3, jmeter-jdbc=5.3, jmeter-jms=5.3, jmeter-junit=5.3, jmeter-java=5.3, jmeter-ldap=5.3, jmeter-mail=5.3, jmeter-mongodb=5.3, jmeter-native=5.3, jmeter-tcp=5.3, jmeter-components=5.3]
2020-10-06 12:33:41,627 INFO o.j.r.PluginManagerMenuItem: Plugins Manager has upgrades: [jpgc-plugins-manager]
